<?xml version="1.0" encoding="UTF-8"?>
<!-- Generated by org.testng.reporters.JUnitReportReporter -->
<testsuite hostname="DESKTOP-7QUSM76" name="com.training.sanity.tests.RTTC_001_UserRegistrationTests" tests="3" failures="0" timestamp="13 May 2020 16:14:47 GMT" time="49.782" errors="0">
  <testcase name="enterRegistrationDetails" time="22.299" classname="com.training.sanity.tests.RTTC_001_UserRegistrationTests"/>
  <testcase name="openRegistrationPage" time="8.346" classname="com.training.sanity.tests.RTTC_001_UserRegistrationTests"/>
  <testcase name="openLoginPage" time="19.137" classname="com.training.sanity.tests.RTTC_001_UserRegistrationTests"/>
</testsuite> <!-- com.training.sanity.tests.RTTC_001_UserRegistrationTests -->
